[ 2017-09-07T00:13:44+08:00 ] ::1 /mydaily/index.php/Index/index/id/1.html
INFO: [ app_init ] --START--
INFO: Run Behavior\BuildLiteBehavior [ RunTime:0.000000s ]
INFO: [ app_init ] --END-- [ RunTime:0.001000s ]
ERR: 无法加载模块:Index

[ 2017-09-07T00:21:15+08:00 ] ::1 /mydaily/index.php/docs/assets/js/rainbow.js
INFO: [ app_init ] --START--
INFO: Run Behavior\BuildLiteBehavior [ RunTime:0.000000s ]
INFO: [ app_init ] --END-- [ RunTime:0.000501s ]
ERR: 无法加载模块:Docs

[ 2017-09-07T00:21:15+08:00 ] ::1 /mydaily/index.php/docs/assets/js/themes/sunburst.css
INFO: [ app_init ] --START--
INFO: Run Behavior\BuildLiteBehavior [ RunTime:0.000000s ]
INFO: [ app_init ] --END-- [ RunTime:0.000500s ]
ERR: 无法加载模块:Docs

[ 2017-09-07T00:21:15+08:00 ] ::1 /mydaily/index.php/docs/assets/js/language/generic.js
INFO: [ app_init ] --START--
INFO: Run Behavior\BuildLiteBehavior [ RunTime:0.000000s ]
INFO: [ app_init ] --END-- [ RunTime:0.000500s ]
ERR: 无法加载模块:Docs

[ 2017-09-07T00:21:15+08:00 ] ::1 /mydaily/index.php/docs/assets/js/language/css.js
INFO: [ app_init ] --START--
INFO: Run Behavior\BuildLiteBehavior [ RunTime:0.000000s ]
INFO: [ app_init ] --END-- [ RunTime:0.000500s ]
ERR: 无法加载模块:Docs

[ 2017-09-07T00:21:15+08:00 ] ::1 /mydaily/index.php/docs/assets/js/language/html.js
INFO: [ app_init ] --START--
INFO: Run Behavior\BuildLiteBehavior [ RunTime:0.000000s ]
INFO: [ app_init ] --END-- [ RunTime:0.001000s ]
ERR: 无法加载模块:Docs

[ 2017-09-07T00:21:15+08:00 ] ::1 /mydaily/index.php/docs/assets/js/language/javascript.js
INFO: [ app_init ] --START--
INFO: Run Behavior\BuildLiteBehavior [ RunTime:0.000000s ]
INFO: [ app_init ] --END-- [ RunTime:0.001000s ]
ERR: 无法加载模块:Docs

[ 2017-09-07T00:21:16+08:00 ] ::1 /mydaily/index.php/docs/assets/js/themes/sunburst.css
INFO: [ app_init ] --START--
INFO: Run Behavior\BuildLiteBehavior [ RunTime:0.000000s ]
INFO: [ app_init ] --END-- [ RunTime:0.000000s ]
ERR: 无法加载模块:Docs

[ 2017-09-07T00:21:16+08:00 ] ::1 /mydaily/index.php/docs/assets/js/rainbow.js
INFO: [ app_init ] --START--
INFO: Run Behavior\BuildLiteBehavior [ RunTime:0.000000s ]
INFO: [ app_init ] --END-- [ RunTime:0.000500s ]
ERR: 无法加载模块:Docs

[ 2017-09-07T00:21:16+08:00 ] ::1 /mydaily/index.php/docs/assets/js/language/generic.js
INFO: [ app_init ] --START--
INFO: Run Behavior\BuildLiteBehavior [ RunTime:0.000000s ]
INFO: [ app_init ] --END-- [ RunTime:0.000500s ]
ERR: 无法加载模块:Docs

[ 2017-09-07T00:21:16+08:00 ] ::1 /mydaily/index.php/docs/assets/js/language/html.js
INFO: [ app_init ] --START--
INFO: Run Behavior\BuildLiteBehavior [ RunTime:0.000000s ]
INFO: [ app_init ] --END-- [ RunTime:0.000500s ]
ERR: 无法加载模块:Docs

[ 2017-09-07T00:21:16+08:00 ] ::1 /mydaily/index.php/docs/assets/js/language/css.js
INFO: [ app_init ] --START--
INFO: Run Behavior\BuildLiteBehavior [ RunTime:0.000000s ]
INFO: [ app_init ] --END-- [ RunTime:0.001000s ]
ERR: 无法加载模块:Docs

[ 2017-09-07T00:21:16+08:00 ] ::1 /mydaily/index.php/docs/assets/js/language/javascript.js
INFO: [ app_init ] --START--
INFO: Run Behavior\BuildLiteBehavior [ RunTime:0.000000s ]
INFO: [ app_init ] --END-- [ RunTime:0.000500s ]
ERR: 无法加载模块:Docs

[ 2017-09-07T00:22:43+08:00 ] ::1 /mydaily/index.php/docs/assets/js/themes/sunburst.css
INFO: [ app_init ] --START--
INFO: Run Behavior\BuildLiteBehavior [ RunTime:0.000000s ]
INFO: [ app_init ] --END-- [ RunTime:0.000500s ]
ERR: 无法加载模块:Docs

[ 2017-09-07T00:22:43+08:00 ] ::1 /mydaily/index.php/docs/assets/js/rainbow.js
INFO: [ app_init ] --START--
INFO: Run Behavior\BuildLiteBehavior [ RunTime:0.000000s ]
INFO: [ app_init ] --END-- [ RunTime:0.000500s ]
ERR: 无法加载模块:Docs

[ 2017-09-07T00:22:43+08:00 ] ::1 /mydaily/index.php/docs/assets/js/language/generic.js
INFO: [ app_init ] --START--
INFO: Run Behavior\BuildLiteBehavior [ RunTime:0.000000s ]
INFO: [ app_init ] --END-- [ RunTime:0.000500s ]
ERR: 无法加载模块:Docs

[ 2017-09-07T00:22:43+08:00 ] ::1 /mydaily/index.php/docs/assets/js/language/css.js
INFO: [ app_init ] --START--
INFO: Run Behavior\BuildLiteBehavior [ RunTime:0.000000s ]
INFO: [ app_init ] --END-- [ RunTime:0.000500s ]
ERR: 无法加载模块:Docs

[ 2017-09-07T00:22:43+08:00 ] ::1 /mydaily/index.php/docs/assets/js/language/html.js
INFO: [ app_init ] --START--
INFO: Run Behavior\BuildLiteBehavior [ RunTime:0.000000s ]
INFO: [ app_init ] --END-- [ RunTime:0.000500s ]
ERR: 无法加载模块:Docs

[ 2017-09-07T00:22:43+08:00 ] ::1 /mydaily/index.php/docs/assets/js/language/javascript.js
INFO: [ app_init ] --START--
INFO: Run Behavior\BuildLiteBehavior [ RunTime:0.000000s ]
INFO: [ app_init ] --END-- [ RunTime:0.001000s ]
ERR: 无法加载模块:Docs

[ 2017-09-07T00:22:43+08:00 ] ::1 /mydaily/index.php/docs/assets/js/themes/sunburst.css
INFO: [ app_init ] --START--
INFO: Run Behavior\BuildLiteBehavior [ RunTime:0.000000s ]
INFO: [ app_init ] --END-- [ RunTime:0.000500s ]
ERR: 无法加载模块:Docs

[ 2017-09-07T00:22:43+08:00 ] ::1 /mydaily/index.php/docs/assets/js/rainbow.js
INFO: [ app_init ] --START--
INFO: Run Behavior\BuildLiteBehavior [ RunTime:0.000000s ]
INFO: [ app_init ] --END-- [ RunTime:0.001000s ]
ERR: 无法加载模块:Docs

[ 2017-09-07T00:22:43+08:00 ] ::1 /mydaily/index.php/docs/assets/js/language/generic.js
INFO: [ app_init ] --START--
INFO: Run Behavior\BuildLiteBehavior [ RunTime:0.000000s ]
INFO: [ app_init ] --END-- [ RunTime:0.000500s ]
ERR: 无法加载模块:Docs

[ 2017-09-07T00:22:43+08:00 ] ::1 /mydaily/index.php/docs/assets/js/language/html.js
INFO: [ app_init ] --START--
INFO: Run Behavior\BuildLiteBehavior [ RunTime:0.000000s ]
INFO: [ app_init ] --END-- [ RunTime:0.000500s ]
ERR: 无法加载模块:Docs

[ 2017-09-07T00:22:43+08:00 ] ::1 /mydaily/index.php/docs/assets/js/language/css.js
INFO: [ app_init ] --START--
INFO: Run Behavior\BuildLiteBehavior [ RunTime:0.000000s ]
INFO: [ app_init ] --END-- [ RunTime:0.000500s ]
ERR: 无法加载模块:Docs

[ 2017-09-07T00:22:43+08:00 ] ::1 /mydaily/index.php/docs/assets/js/language/javascript.js
INFO: [ app_init ] --START--
INFO: Run Behavior\BuildLiteBehavior [ RunTime:0.000000s ]
INFO: [ app_init ] --END-- [ RunTime:0.000500s ]
ERR: 无法加载模块:Docs

[ 2017-09-07T00:25:45+08:00 ] ::1 /mydaily/Public/Admin/assets/js/wangEditor.min.js.map
INFO: [ app_init ] --START--
INFO: Run Behavior\BuildLiteBehavior [ RunTime:0.000000s ]
INFO: [ app_init ] --END-- [ RunTime:0.000500s ]
ERR: 无法加载模块:Public

